This is pdfTeX, Version 3.1415926-2.5-1.40.14 (MiKTeX 2.9 64-bit) (preloaded format=pdflatex 2014.12.8)  28 APR 2016 09:03
entering extended mode
**CS27510*Assignment*(mwj7).tex

("C:\Users\Morgan\Documents\Academic Work\Aberystwyth University\Year 2\CS27510
 - Commercial Database Application\assignment latex resources\CS27510 Assignmen
t (mwj7).tex"
LaTeX2e <2011/06/27>
Babel <v3.8m> and hyphenation patterns for english, afrikaans, ancientgreek, ar
abic, armenian, assamese, basque, bengali, bokmal, bulgarian, catalan, coptic, 
croatian, czech, danish, dutch, esperanto, estonian, farsi, finnish, french, ga
lician, german, german-x-2013-05-26, greek, gujarati, hindi, hungarian, iceland
ic, indonesian, interlingua, irish, italian, kannada, kurmanji, latin, latvian,
 lithuanian, malayalam, marathi, mongolian, mongolianlmc, monogreek, ngerman, n
german-x-2013-05-26, nynorsk, oriya, panjabi, pinyin, polish, portuguese, roman
ian, russian, sanskrit, serbian, slovak, slovenian, spanish, swedish, swissgerm
an, tamil, telugu, turkish, turkmen, ukenglish, ukrainian, uppersorbian, usengl
ishmax, welsh, loaded.

("C:\Users\Morgan\Documents\Academic Work\Aberystwyth University\Year 2\CS27510
 - Commercial Database Application\assignment latex resources\project.cls"
Group project doc style modified by N.W. Hardy 2010-10-12
Document Class: project 2010/10/12 Group project Class
("C:\Program Files\MiKTeX 2.9\tex\latex\base\article.cls"
Document Class: article 2007/10/19 v1.4h Standard LaTeX document class
("C:\Program Files\MiKTeX 2.9\tex\latex\base\size11.clo"
File: size11.clo 2007/10/19 v1.4h Standard LaTeX file (size option)
)
\c@part=\count79
\c@section=\count80
\c@subsection=\count81
\c@subsubsection=\count82
\c@paragraph=\count83
\c@subparagraph=\count84
\c@figure=\count85
\c@table=\count86
\abovecaptionskip=\skip41
\belowcaptionskip=\skip42
\bibindent=\dimen102
)
("C:\Program Files\MiKTeX 2.9\tex\latex\geometry\geometry.sty"
Package: geometry 2010/09/12 v5.6 Page Geometry

("C:\Program Files\MiKTeX 2.9\tex\latex\graphics\keyval.sty"
Package: keyval 1999/03/16 v1.13 key=value parser (DPC)
\KV@toks@=\toks14
)
("C:\Program Files\MiKTeX 2.9\tex\generic\oberdiek\ifpdf.sty"
Package: ifpdf 2011/01/30 v2.3 Provides the ifpdf switch (HO)
Package ifpdf Info: pdfTeX in PDF mode is detected.
)
("C:\Program Files\MiKTeX 2.9\tex\generic\oberdiek\ifvtex.sty"
Package: ifvtex 2010/03/01 v1.5 Detect VTeX and its facilities (HO)
Package ifvtex Info: VTeX not detected.
)
("C:\Program Files\MiKTeX 2.9\tex\generic\ifxetex\ifxetex.sty"
Package: ifxetex 2010/09/12 v0.6 Provides ifxetex conditional
)
\Gm@cnth=\count87
\Gm@cntv=\count88
\c@Gm@tempcnt=\count89
\Gm@bindingoffset=\dimen103
\Gm@wd@mp=\dimen104
\Gm@odd@mp=\dimen105
\Gm@even@mp=\dimen106
\Gm@layoutwidth=\dimen107
\Gm@layoutheight=\dimen108
\Gm@layouthoffset=\dimen109
\Gm@layoutvoffset=\dimen110
\Gm@dimlist=\toks15

("C:\Program Files\MiKTeX 2.9\tex\latex\geometry\geometry.cfg")

Package geometry Warning: Over-specification in `h'-direction.
    `width' (451.6875pt) is ignored.


Package geometry Warning: Over-specification in `v'-direction.
    `height' (672.1112pt) is ignored.

)) ("C:\Program Files\MiKTeX 2.9\tex\latex\hyperref\hyperref.sty"
Package: hyperref 2012/11/06 v6.83m Hypertext links for LaTeX

("C:\Program Files\MiKTeX 2.9\tex\generic\oberdiek\hobsub-hyperref.sty"
Package: hobsub-hyperref 2012/04/25 v1.12 Bundle oberdiek, subset hyperref (HO)


("C:\Program Files\MiKTeX 2.9\tex\generic\oberdiek\hobsub-generic.sty"
Package: hobsub-generic 2012/04/25 v1.12 Bundle oberdiek, subset generic (HO)
Package: hobsub 2012/04/25 v1.12 Construct package bundles (HO)
Package: infwarerr 2010/04/08 v1.3 Providing info/warning/error messages (HO)
Package: ltxcmds 2011/11/09 v1.22 LaTeX kernel commands for general use (HO)
Package: ifluatex 2010/03/01 v1.3 Provides the ifluatex switch (HO)
Package ifluatex Info: LuaTeX not detected.
Package hobsub Info: Skipping package `ifvtex' (already loaded).
Package: intcalc 2007/09/27 v1.1 Expandable calculations with integers (HO)
Package hobsub Info: Skipping package `ifpdf' (already loaded).
Package: etexcmds 2011/02/16 v1.5 Avoid name clashes with e-TeX commands (HO)
Package etexcmds Info: Could not find \expanded.
(etexcmds)             That can mean that you are not using pdfTeX 1.50 or
(etexcmds)             that some package has redefined \expanded.
(etexcmds)             In the latter case, load this package earlier.
Package: kvsetkeys 2012/04/25 v1.16 Key value parser (HO)
Package: kvdefinekeys 2011/04/07 v1.3 Define keys (HO)
Package: pdftexcmds 2011/11/29 v0.20 Utility functions of pdfTeX for LuaTeX (HO
)
Package pdftexcmds Info: LuaTeX not detected.
Package pdftexcmds Info: \pdf@primitive is available.
Package pdftexcmds Info: \pdf@ifprimitive is available.
Package pdftexcmds Info: \pdfdraftmode found.
Package: pdfescape 2011/11/25 v1.13 Implements pdfTeX's escape features (HO)
Package: bigintcalc 2012/04/08 v1.3 Expandable calculations on big integers (HO
)
Package: bitset 2011/01/30 v1.1 Handle bit-vector datatype (HO)
Package: uniquecounter 2011/01/30 v1.2 Provide unlimited unique counter (HO)
)
Package hobsub Info: Skipping package `hobsub' (already loaded).
Package: letltxmacro 2010/09/02 v1.4 Let assignment for LaTeX macros (HO)
Package: hopatch 2011/06/24 v1.1 Wrapper for package hooks (HO)
Package: xcolor-patch 2011/01/30 xcolor patch
Package: atveryend 2011/06/30 v1.8 Hooks at the very end of document (HO)
Package atveryend Info: \enddocument detected (standard20110627).
Package: atbegshi 2011/10/05 v1.16 At begin shipout hook (HO)
Package: refcount 2011/10/16 v3.4 Data extraction from label references (HO)
Package: hycolor 2011/01/30 v1.7 Color options for hyperref/bookmark (HO)
)
("C:\Program Files\MiKTeX 2.9\tex\latex\oberdiek\auxhook.sty"
Package: auxhook 2011/03/04 v1.3 Hooks for auxiliary files (HO)
)
("C:\Program Files\MiKTeX 2.9\tex\latex\oberdiek\kvoptions.sty"
Package: kvoptions 2011/06/30 v3.11 Key value format for package options (HO)
)
\@linkdim=\dimen111
\Hy@linkcounter=\count90
\Hy@pagecounter=\count91

("C:\Program Files\MiKTeX 2.9\tex\latex\hyperref\pd1enc.def"
File: pd1enc.def 2012/11/06 v6.83m Hyperref: PDFDocEncoding definition (HO)
)
\Hy@SavedSpaceFactor=\count92

("C:\Program Files\MiKTeX 2.9\tex\latex\00miktex\hyperref.cfg"
File: hyperref.cfg 2002/06/06 v1.2 hyperref configuration of TeXLive
)
Package hyperref Info: Hyper figures OFF on input line 4443.
Package hyperref Info: Link nesting OFF on input line 4448.
Package hyperref Info: Hyper index ON on input line 4451.
Package hyperref Info: Plain pages OFF on input line 4458.
Package hyperref Info: Backreferencing OFF on input line 4463.
Package hyperref Info: Implicit mode ON; LaTeX internals redefined.
Package hyperref Info: Bookmarks ON on input line 4688.
\c@Hy@tempcnt=\count93

("C:\Program Files\MiKTeX 2.9\tex\latex\url\url.sty"
\Urlmuskip=\muskip10
Package: url 2013/09/16  ver 3.4  Verb mode for urls, etc.
)
LaTeX Info: Redefining \url on input line 5041.
\XeTeXLinkMargin=\dimen112
\Fld@menulength=\count94
\Field@Width=\dimen113
\Fld@charsize=\dimen114
Package hyperref Info: Hyper figures OFF on input line 6295.
Package hyperref Info: Link nesting OFF on input line 6300.
Package hyperref Info: Hyper index ON on input line 6303.
Package hyperref Info: backreferencing OFF on input line 6310.
Package hyperref Info: Link coloring OFF on input line 6315.
Package hyperref Info: Link coloring with OCG OFF on input line 6320.
Package hyperref Info: PDF/A mode OFF on input line 6325.
LaTeX Info: Redefining \ref on input line 6365.
LaTeX Info: Redefining \pageref on input line 6369.
\Hy@abspage=\count95
\c@Item=\count96
\c@Hfootnote=\count97
)

Package hyperref Message: Driver: hpdftex.

("C:\Program Files\MiKTeX 2.9\tex\latex\hyperref\hpdftex.def"
File: hpdftex.def 2012/11/06 v6.83m Hyperref driver for pdfTeX
\Fld@listcount=\count98
\c@bookmark@seq@number=\count99

("C:\Program Files\MiKTeX 2.9\tex\latex\oberdiek\rerunfilecheck.sty"
Package: rerunfilecheck 2011/04/15 v1.7 Rerun checks for auxiliary files (HO)
Package uniquecounter Info: New unique counter `rerunfilecheck' on input line 2
82.
)
\Hy@SectionHShift=\skip43
)
("C:\Program Files\MiKTeX 2.9\tex\latex\graphics\graphicx.sty"
Package: graphicx 1999/02/16 v1.0f Enhanced LaTeX Graphics (DPC,SPQR)

("C:\Program Files\MiKTeX 2.9\tex\latex\graphics\graphics.sty"
Package: graphics 2009/02/05 v1.0o Standard LaTeX Graphics (DPC,SPQR)

("C:\Program Files\MiKTeX 2.9\tex\latex\graphics\trig.sty"
Package: trig 1999/03/16 v1.09 sin cos tan (DPC)
)
("C:\Program Files\MiKTeX 2.9\tex\latex\00miktex\graphics.cfg"
File: graphics.cfg 2007/01/18 v1.5 graphics configuration of teTeX/TeXLive
)
Package graphics Info: Driver file: pdftex.def on input line 91.

("C:\Program Files\MiKTeX 2.9\tex\latex\pdftex-def\pdftex.def"
File: pdftex.def 2011/05/27 v0.06d Graphics/color for pdfTeX
\Gread@gobject=\count100
))
\Gin@req@height=\dimen115
\Gin@req@width=\dimen116
)
("C:\Program Files\MiKTeX 2.9\tex\latex\caption\subcaption.sty"
Package: subcaption 2013/02/03 v1.1-62 Sub-captions (AR)

("C:\Program Files\MiKTeX 2.9\tex\latex\caption\caption.sty"
Package: caption 2013/05/02 v3.3-89 Customizing captions (AR)

("C:\Program Files\MiKTeX 2.9\tex\latex\caption\caption3.sty"
Package: caption3 2013/05/02 v1.6-88 caption3 kernel (AR)
Package caption3 Info: TeX engine: e-TeX on input line 57.
\captionmargin=\dimen117
\captionmargin@=\dimen118
\captionwidth=\dimen119
\caption@tempdima=\dimen120
\caption@indent=\dimen121
\caption@parindent=\dimen122
\caption@hangindent=\dimen123
Package caption Info: Unknown document class (or package),
(caption)             standard defaults will be used.
)

Package caption Warning: Unsupported document class (or package) detected,
(caption)                usage of the caption package is not recommended.
See the caption package documentation for explanation.

Package caption Info: \@makecaption = \long macro:#1#2-> \vskip 10pt \setbox \@
tempboxa \hbox {#1: #2} \ifdim \wd \@tempboxa >\hsize \unhbox \@tempboxa \par \
else \hbox to\hsize {\hfil \box \@tempboxa \hfil } \fi .
\c@ContinuedFloat=\count101
Package caption Info: hyperref package is loaded.
)
\c@subfigure=\count102
\c@subtable=\count103
) ("C:\Program Files\MiKTeX 2.9\tex\latex\float\float.sty"
Package: float 2001/11/08 v1.3d Float enhancements (AL)
\c@float@type=\count104
\float@exts=\toks16
\float@box=\box26
\@float@everytoks=\toks17
\@floatcapt=\box27
)
("C:\Users\Morgan\Documents\Academic Work\Aberystwyth University\Year 2\CS27510
 - Commercial Database Application\assignment latex resources\CS27510 Assignmen
t (mwj7).aux")
LaTeX Font Info:    Checking defaults for OML/cmm/m/it on input line 6.
LaTeX Font Info:    ... okay on input line 6.
LaTeX Font Info:    Checking defaults for T1/cmr/m/n on input line 6.
LaTeX Font Info:    ... okay on input line 6.
LaTeX Font Info:    Checking defaults for OT1/cmr/m/n on input line 6.
LaTeX Font Info:    ... okay on input line 6.
LaTeX Font Info:    Checking defaults for OMS/cmsy/m/n on input line 6.
LaTeX Font Info:    ... okay on input line 6.
LaTeX Font Info:    Checking defaults for OMX/cmex/m/n on input line 6.
LaTeX Font Info:    ... okay on input line 6.
LaTeX Font Info:    Checking defaults for U/cmr/m/n on input line 6.
LaTeX Font Info:    ... okay on input line 6.
LaTeX Font Info:    Checking defaults for PD1/pdf/m/n on input line 6.
LaTeX Font Info:    ... okay on input line 6.

*geometry* driver: auto-detecting
*geometry* detected driver: pdftex
*geometry* verbose mode - [ preamble ] result:
* driver: pdftex
* paper: <default>
* layout: <same size as paper>
* layoutoffset:(h,v)=(0.0pt,0.0pt)
* modes: twoside 
* h-part:(L,W,R)=(56.9055pt, 483.69687pt, 56.9055pt)
* v-part:(T,H,B)=(56.9055pt, 731.23584pt, 56.9055pt)
* \paperwidth=597.50787pt
* \paperheight=845.04684pt
* \textwidth=483.69687pt
* \textheight=731.23584pt
* \oddsidemargin=-15.36449pt
* \evensidemargin=-15.36449pt
* \topmargin=-52.36449pt
* \headheight=12.0pt
* \headsep=25.0pt
* \topskip=11.0pt
* \footskip=30.0pt
* \marginparwidth=103.0pt
* \marginparsep=10.0pt
* \columnsep=10.0pt
* \skip\footins=10.0pt plus 4.0pt minus 2.0pt
* \hoffset=0.0pt
* \voffset=0.0pt
* \mag=1000
* \@twocolumnfalse
* \@twosidetrue
* \@mparswitchtrue
* \@reversemarginfalse
* (1in=72.27pt=25.4mm, 1cm=28.453pt)

\AtBeginShipoutBox=\box28
Package hyperref Info: Link coloring OFF on input line 6.
("C:\Program Files\MiKTeX 2.9\tex\latex\hyperref\nameref.sty"
Package: nameref 2012/10/27 v2.43 Cross-referencing by name of section

("C:\Program Files\MiKTeX 2.9\tex\generic\oberdiek\gettitlestring.sty"
Package: gettitlestring 2010/12/03 v1.4 Cleanup title references (HO)
)
\c@section@level=\count105
)
LaTeX Info: Redefining \ref on input line 6.
LaTeX Info: Redefining \pageref on input line 6.
LaTeX Info: Redefining \nameref on input line 6.

("C:\Users\Morgan\Documents\Academic Work\Aberystwyth University\Year 2\CS27510
 - Commercial Database Application\assignment latex resources\CS27510 Assignmen
t (mwj7).out")
("C:\Users\Morgan\Documents\Academic Work\Aberystwyth University\Year 2\CS27510
 - Commercial Database Application\assignment latex resources\CS27510 Assignmen
t (mwj7).out")
\@outlinefile=\write3
 ("C:\Program Files\MiKTeX 2.9\tex\context\base\supp-pdf.mkii"
[Loading MPS to PDF converter (version 2006.09.02).]
\scratchcounter=\count106
\scratchdimen=\dimen124
\scratchbox=\box29
\nofMPsegments=\count107
\nofMParguments=\count108
\everyMPshowfont=\toks18
\MPscratchCnt=\count109
\MPscratchDim=\dimen125
\MPnumerator=\count110
\makeMPintoPDFobject=\count111
\everyMPtoPDFconversion=\toks19
)
Package caption Info: Begin \AtBeginDocument code.
Package caption Info: float package is loaded.
Package caption Info: End \AtBeginDocument code.
LaTeX Font Info:    External font `cmex10' loaded for size
(Font)              <10.95> on input line 14.
LaTeX Font Info:    External font `cmex10' loaded for size
(Font)              <8> on input line 14.
LaTeX Font Info:    External font `cmex10' loaded for size
(Font)              <6> on input line 14.
 [0


{C:/ProgramData/MiKTeX/2.9/pdftex/config/pdftex.map}]
("C:\Users\Morgan\Documents\Academic Work\Aberystwyth University\Year 2\CS27510
 - Commercial Database Application\assignment latex resources\CS27510 Assignmen
t (mwj7).toc")
\tf@toc=\write4
 [1]
Underfull \hbox (badness 10000) in paragraph at lines 17--22

 []


Underfull \hbox (badness 10000) in paragraph at lines 17--22

 []

[2] [3] [4]
Underfull \hbox (badness 10000) in paragraph at lines 63--76

 []


Underfull \hbox (badness 10000) in paragraph at lines 63--76

 []


Underfull \hbox (badness 10000) in paragraph at lines 63--76

 []


Underfull \hbox (badness 10000) in paragraph at lines 63--76

 []


Underfull \hbox (badness 10000) in paragraph at lines 63--76

 []

[5] [6] [7] [8

]
Underfull \hbox (badness 10000) in paragraph at lines 149--152

 []


Underfull \hbox (badness 10000) in paragraph at lines 164--175

 []


Underfull \hbox (badness 10000) in paragraph at lines 164--175

 []


Underfull \hbox (badness 10000) in paragraph at lines 164--175

 []


Underfull \hbox (badness 10000) in paragraph at lines 164--175

 []


Underfull \hbox (badness 10000) in paragraph at lines 164--175

 []

[9]
Underfull \hbox (badness 10000) in paragraph at lines 186--194

 []


Underfull \hbox (badness 10000) in paragraph at lines 186--194

 []


Underfull \hbox (badness 10000) in paragraph at lines 186--194

 []

[10]
Underfull \hbox (badness 10000) in paragraph at lines 196--205

 []


Underfull \hbox (badness 10000) in paragraph at lines 196--205

 []


Underfull \hbox (badness 10000) in paragraph at lines 196--205

 []


Underfull \hbox (badness 10000) in paragraph at lines 196--205

 []

[11]
Underfull \hbox (badness 10000) in paragraph at lines 207--212

 []

[12] <homepage.png, id=222, 1445.4pt x 813.0375pt>
File: homepage.png Graphic file (type png)
 <use homepage.png>
Package pdftex.def Info: homepage.png used on input line 217.
(pdftex.def)             Requested size: 483.69687pt x 272.07462pt.

<homepage-login.png, id=224, 1927.2pt x 1084.05pt>
File: homepage-login.png Graphic file (type png)
 <use homepage-login.png>
Package pdftex.def Info: homepage-login.png used on input line 222.
(pdftex.def)             Requested size: 483.69687pt x 272.07048pt.

<new-account.png, id=225, 1445.4pt x 813.0375pt>
File: new-account.png Graphic file (type png)
 <use new-account.png>
Package pdftex.def Info: new-account.png used on input line 227.
(pdftex.def)             Requested size: 483.69687pt x 272.07462pt.


LaTeX Warning: `h' float specifier changed to `ht'.

<password-forget.png, id=226, 1927.2pt x 1084.05pt>
File: password-forget.png Graphic file (type png)
 <use password-forget.png>
Package pdftex.def Info: password-forget.png used on input line 232.
(pdftex.def)             Requested size: 483.69687pt x 272.07048pt.


LaTeX Warning: `h' float specifier changed to `ht'.

<password-reset.png, id=227, 1927.2pt x 1084.05pt>
File: password-reset.png Graphic file (type png)
 <use password-reset.png>
Package pdftex.def Info: password-reset.png used on input line 237.
(pdftex.def)             Requested size: 483.69687pt x 272.07048pt.


LaTeX Warning: `h' float specifier changed to `ht'.

<profile-edit-incorrect.png, id=228, 1927.2pt x 1084.05pt>
File: profile-edit-incorrect.png Graphic file (type png)

<use profile-edit-incorrect.png>
Package pdftex.def Info: profile-edit-incorrect.png used on input line 242.
(pdftex.def)             Requested size: 483.69687pt x 272.07048pt.


LaTeX Warning: `h' float specifier changed to `ht'.

<profile-edit-correct.png, id=229, 1927.2pt x 1084.05pt>
File: profile-edit-correct.png Graphic file (type png)

<use profile-edit-correct.png>
Package pdftex.def Info: profile-edit-correct.png used on input line 247.
(pdftex.def)             Requested size: 483.69687pt x 272.07048pt.


LaTeX Warning: `h' float specifier changed to `ht'.

<profile-view.png, id=230, 1927.2pt x 1084.05pt>
File: profile-view.png Graphic file (type png)
 <use profile-view.png>
Package pdftex.def Info: profile-view.png used on input line 252.
(pdftex.def)             Requested size: 483.69687pt x 272.07048pt.


LaTeX Warning: `h' float specifier changed to `ht'.

<schools.png, id=231, 1927.2pt x 1084.05pt>
File: schools.png Graphic file (type png)
 <use schools.png>
Package pdftex.def Info: schools.png used on input line 257.
(pdftex.def)             Requested size: 483.69687pt x 272.07048pt.


LaTeX Warning: `h' float specifier changed to `ht'.

<apply.png, id=232, 1927.2pt x 1084.05pt>
File: apply.png Graphic file (type png)
 <use apply.png>
Package pdftex.def Info: apply.png used on input line 262.
(pdftex.def)             Requested size: 483.69687pt x 272.07048pt.


LaTeX Warning: `h' float specifier changed to `ht'.

<apply-fail.png, id=233, 1927.2pt x 1084.05pt>
File: apply-fail.png Graphic file (type png)
 <use apply-fail.png>
Package pdftex.def Info: apply-fail.png used on input line 267.
(pdftex.def)             Requested size: 483.69687pt x 272.07048pt.


LaTeX Warning: `h' float specifier changed to `ht'.

<student-app.png, id=234, 1927.2pt x 1084.05pt>
File: student-app.png Graphic file (type png)
 <use student-app.png>
Package pdftex.def Info: student-app.png used on input line 272.
(pdftex.def)             Requested size: 483.69687pt x 272.07048pt.


LaTeX Warning: `h' float specifier changed to `ht'.

<student-app2.png, id=235, 1927.2pt x 1084.05pt>
File: student-app2.png Graphic file (type png)
 <use student-app2.png>
Package pdftex.def Info: student-app2.png used on input line 277.
(pdftex.def)             Requested size: 483.69687pt x 272.07048pt.


LaTeX Warning: `h' float specifier changed to `ht'.

<student-app3.png, id=236, 1927.2pt x 1084.05pt>
File: student-app3.png Graphic file (type png)
 <use student-app3.png>
Package pdftex.def Info: student-app3.png used on input line 282.
(pdftex.def)             Requested size: 483.69687pt x 272.07048pt.


LaTeX Warning: `h' float specifier changed to `ht'.

<student-app-remove.png, id=237, 1927.2pt x 1084.05pt>
File: student-app-remove.png Graphic file (type png)

<use student-app-remove.png>
Package pdftex.def Info: student-app-remove.png used on input line 287.
(pdftex.def)             Requested size: 483.69687pt x 272.07048pt.


LaTeX Warning: `h' float specifier changed to `ht'.

<transaction.png, id=238, 1927.2pt x 1084.05pt>
File: transaction.png Graphic file (type png)
 <use transaction.png>
Package pdftex.def Info: transaction.png used on input line 292.
(pdftex.def)             Requested size: 483.69687pt x 272.07048pt.


LaTeX Warning: `h' float specifier changed to `ht'.

<transaction-success.png, id=239, 1927.2pt x 1084.05pt>
File: transaction-success.png Graphic file (type png)

<use transaction-success.png>
Package pdftex.def Info: transaction-success.png used on input line 297.
(pdftex.def)             Requested size: 483.69687pt x 272.07048pt.


LaTeX Warning: `h' float specifier changed to `ht'.

<student-app-confirmed.png, id=240, 1927.2pt x 1084.05pt>
File: student-app-confirmed.png Graphic file (type png)

<use student-app-confirmed.png>
Package pdftex.def Info: student-app-confirmed.png used on input line 302.
(pdftex.def)             Requested size: 483.69687pt x 272.07048pt.


LaTeX Warning: `h' float specifier changed to `ht'.

[13 <C:/Users/Morgan/Documents/Academic Work/Aberystwyth University/Year 2/CS27
510 - Commercial Database Application/assignment latex resources/homepage.png> 
<C:/Users/Morgan/Documents/Academic Work/Aberystwyth University/Year 2/CS27510 
- Commercial Database Application/assignment latex resources/homepage-login.png
>] [14 <C:/Users/Morgan/Documents/Academic Work/Aberystwyth University/Year 2/C
S27510 - Commercial Database Application/assignment latex resources/new-account
.png> <C:/Users/Morgan/Documents/Academic Work/Aberystwyth University/Year 2/CS
27510 - Commercial Database Application/assignment latex resources/password-for
get.png>] [15 <C:/Users/Morgan/Documents/Academic Work/Aberystwyth University/Y
ear 2/CS27510 - Commercial Database Application/assignment latex resources/pass
word-reset.png> <C:/Users/Morgan/Documents/Academic Work/Aberystwyth University
/Year 2/CS27510 - Commercial Database Application/assignment latex resources/pr
ofile-edit-incorrect.png>] [16 <C:/Users/Morgan/Documents/Academic Work/Aberyst
wyth University/Year 2/CS27510 - Commercial Database Application/assignment lat
ex resources/profile-edit-correct.png> <C:/Users/Morgan/Documents/Academic Work
/Aberystwyth University/Year 2/CS27510 - Commercial Database Application/assign
ment latex resources/profile-view.png>] [17 <C:/Users/Morgan/Documents/Academic
 Work/Aberystwyth University/Year 2/CS27510 - Commercial Database Application/a
ssignment latex resources/schools.png> <C:/Users/Morgan/Documents/Academic Work
/Aberystwyth University/Year 2/CS27510 - Commercial Database Application/assign
ment latex resources/apply.png>] [18 <C:/Users/Morgan/Documents/Academic Work/A
berystwyth University/Year 2/CS27510 - Commercial Database Application/assignme
nt latex resources/apply-fail.png> <C:/Users/Morgan/Documents/Academic Work/Abe
rystwyth University/Year 2/CS27510 - Commercial Database Application/assignment
 latex resources/student-app.png>] [19 <C:/Users/Morgan/Documents/Academic Work
/Aberystwyth University/Year 2/CS27510 - Commercial Database Application/assign
ment latex resources/student-app2.png> <C:/Users/Morgan/Documents/Academic Work
/Aberystwyth University/Year 2/CS27510 - Commercial Database Application/assign
ment latex resources/student-app3.png>] [20 <C:/Users/Morgan/Documents/Academic
 Work/Aberystwyth University/Year 2/CS27510 - Commercial Database Application/a
ssignment latex resources/student-app-remove.png> <C:/Users/Morgan/Documents/Ac
ademic Work/Aberystwyth University/Year 2/CS27510 - Commercial Database Applica
tion/assignment latex resources/transaction.png>] [21 <C:/Users/Morgan/Document
s/Academic Work/Aberystwyth University/Year 2/CS27510 - Commercial Database App
lication/assignment latex resources/transaction-success.png> <C:/Users/Morgan/D
ocuments/Academic Work/Aberystwyth University/Year 2/CS27510 - Commercial Datab
ase Application/assignment latex resources/student-app-confirmed.png>]
<transaction-history.png, id=291, 1927.2pt x 1084.05pt>
File: transaction-history.png Graphic file (type png)

<use transaction-history.png>
Package pdftex.def Info: transaction-history.png used on input line 308.
(pdftex.def)             Requested size: 483.69687pt x 272.07048pt.

<leader-profile.png, id=292, 1927.2pt x 1084.05pt>
File: leader-profile.png Graphic file (type png)
 <use leader-profile.png>
Package pdftex.def Info: leader-profile.png used on input line 313.
(pdftex.def)             Requested size: 483.69687pt x 272.07048pt.

<leader-app.png, id=293, 1445.4pt x 813.0375pt>
File: leader-app.png Graphic file (type png)
 <use leader-app.png>
Package pdftex.def Info: leader-app.png used on input line 318.
(pdftex.def)             Requested size: 483.69687pt x 272.07462pt.

<leader-app2.png, id=294, 1445.4pt x 813.0375pt>
File: leader-app2.png Graphic file (type png)
 <use leader-app2.png>
Package pdftex.def Info: leader-app2.png used on input line 323.
(pdftex.def)             Requested size: 483.69687pt x 272.07462pt.

Underfull \vbox (badness 10000) has occurred while \output is active []

 [22

 <C:/Users/Morgan/Documents/Academic Work/Aberystwyth University/Year 2/CS27510
 - Commercial Database Application/assignment latex resources/transaction-histo
ry.png> <C:/Users/Morgan/Documents/Academic Work/Aberystwyth University/Year 2/
CS27510 - Commercial Database Application/assignment latex resources/leader-pro
file.png>] [23 <C:/Users/Morgan/Documents/Academic Work/Aberystwyth University/
Year 2/CS27510 - Commercial Database Application/assignment latex resources/lea
der-app.png> <C:/Users/Morgan/Documents/Academic Work/Aberystwyth University/Ye
ar 2/CS27510 - Commercial Database Application/assignment latex resources/leade
r-app2.png>] <conceptualDatabase.png, id=305, 1372.37718pt x 598.48593pt>
File: conceptualDatabase.png Graphic file (type png)

<use conceptualDatabase.png>
Package pdftex.def Info: conceptualDatabase.png used on input line 330.
(pdftex.def)             Requested size: 483.69687pt x 210.93436pt.

<logicalDatabase.png, id=306, 974.89218pt x 636.87938pt>
File: logicalDatabase.png Graphic file (type png)

<use logicalDatabase.png>
Package pdftex.def Info: logicalDatabase.png used on input line 335.
(pdftex.def)             Requested size: 483.69687pt x 315.98997pt.

<physicalDatabase.png, id=307, 718.93594pt x 353.06906pt>
File: physicalDatabase.png Graphic file (type png)

<use physicalDatabase.png>
Package pdftex.def Info: physicalDatabase.png used on input line 340.
(pdftex.def)             Requested size: 483.69687pt x 237.5517pt.

Underfull \vbox (badness 10000) has occurred while \output is active []

 [24

 <C:/Users/Morgan/Documents/Academic Work/Aberystwyth University/Year 2/CS27510
 - Commercial Database Application/assignment latex resources/conceptualDatabas
e.png> <C:/Users/Morgan/Documents/Academic Work/Aberystwyth University/Year 2/C
S27510 - Commercial Database Application/assignment latex resources/logicalData
base.png>]
Package atveryend Info: Empty hook `BeforeClearDocument' on input line 345.
 [25 <C:/Users/Morgan/Documents/Academic Work/Aberystwyth University/Year 2/CS2
7510 - Commercial Database Application/assignment latex resources/physicalDatab
ase.png (PNG copy)>]
Package atveryend Info: Empty hook `AfterLastShipout' on input line 345.

("C:\Users\Morgan\Documents\Academic Work\Aberystwyth University\Year 2\CS27510
 - Commercial Database Application\assignment latex resources\CS27510 Assignmen
t (mwj7).aux")
Package atveryend Info: Executing hook `AtVeryEndDocument' on input line 345.
Package atveryend Info: Executing hook `AtEndAfterFileList' on input line 345.
Package rerunfilecheck Info: File `CS27510*Assignment*(mwj7).out' has not chang
ed.
(rerunfilecheck)             Checksum: <no file>.
Package atveryend Info: Empty hook `AtVeryVeryEnd' on input line 345.
 ) 
Here is how much of TeX's memory you used:
 6753 strings out of 493921
 106251 string characters out of 3147279
 191585 words of memory out of 3000000
 9921 multiletter control sequences out of 15000+200000
 8243 words of font info for 29 fonts, out of 3000000 for 9000
 841 hyphenation exceptions out of 8191
 42i,8n,40p,828b,391s stack positions out of 5000i,500n,10000p,200000b,50000s
<C:/Program Files/MiKTeX 2.9/fonts/type1/public/amsfonts/cm/cmbx10.pfb><C:/Pr
ogram Files/MiKTeX 2.9/fonts/type1/public/amsfonts/cm/cmbx12.pfb><C:/Program Fi
les/MiKTeX 2.9/fonts/type1/public/amsfonts/cm/cmr10.pfb><C:/Program Files/MiKTe
X 2.9/fonts/type1/public/amsfonts/cm/cmsy10.pfb><C:/Program Files/MiKTeX 2.9/fo
nts/type1/public/amsfonts/cm/cmti10.pfb>
Output written on "CS27510 Assignment (mwj7).pdf" (26 pages, 1994115 bytes).
PDF statistics:
 353 PDF objects out of 1000 (max. 8388607)
 72 named destinations out of 1000 (max. 500000)
 278 words of extra memory for PDF output out of 10000 (max. 10000000)

